Determining if the pthread_create exist failed with the following output:
Change Dir: /home/smark/bfmc_2022/dei_ws/build/CMakeFiles/CMakeTmp

Run Build Command:"/usr/bin/make" "cmTC_85a05/fast"
/usr/bin/make -f CMakeFiles/cmTC_85a05.dir/build.make CMakeFiles/cmTC_85a05.dir/build
make[1]: Entering directory '/home/smark/bfmc_2022/dei_ws/build/CMakeFiles/CMakeTmp'
Building C object CMakeFiles/cmTC_85a05.dir/CheckSymbolExists.c.o
/usr/bin/cc    -o CMakeFiles/cmTC_85a05.dir/CheckSymbolExists.c.o   -c /home/smark/bfmc_2022/dei_ws/build/CMakeFiles/CMakeTmp/CheckSymbolExists.c
Linking C executable cmTC_85a05
/usr/bin/cmake -E cmake_link_script CMakeFiles/cmTC_85a05.dir/link.txt --verbose=1
/usr/bin/cc      -rdynamic CMakeFiles/cmTC_85a05.dir/CheckSymbolExists.c.o  -o cmTC_85a05 
CMakeFiles/cmTC_85a05.dir/CheckSymbolExists.c.o: In function `main':
CheckSymbolExists.c:(.text+0x14): undefined reference to `pthread_create'
CheckSymbolExists.c:(.text+0x18): undefined reference to `pthread_create'
collect2: error: ld returned 1 exit status
CMakeFiles/cmTC_85a05.dir/build.make:97: recipe for target 'cmTC_85a05' failed
make[1]: *** [cmTC_85a05] Error 1
make[1]: Leaving directory '/home/smark/bfmc_2022/dei_ws/build/CMakeFiles/CMakeTmp'
Makefile:126: recipe for target 'cmTC_85a05/fast' failed
make: *** [cmTC_85a05/fast] Error 2

File /home/smark/bfmc_2022/dei_ws/build/CMakeFiles/CMakeTmp/CheckSymbolExists.c:
/* */
#include <pthread.h>

int main(int argc, char** argv)
{
  (void)argv;
#ifndef pthread_create
  return ((int*)(&pthread_create))[argc];
#else
  (void)argc;
  return 0;
#endif
}

Determining if the function pthread_create exists in the pthreads failed with the following output:
Change Dir: /home/smark/bfmc_2022/dei_ws/build/CMakeFiles/CMakeTmp

Run Build Command:"/usr/bin/make" "cmTC_b4b3d/fast"
/usr/bin/make -f CMakeFiles/cmTC_b4b3d.dir/build.make CMakeFiles/cmTC_b4b3d.dir/build
make[1]: Entering directory '/home/smark/bfmc_2022/dei_ws/build/CMakeFiles/CMakeTmp'
Building C object CMakeFiles/cmTC_b4b3d.dir/CheckFunctionExists.c.o
/usr/bin/cc   -DCHECK_FUNCTION_EXISTS=pthread_create   -o CMakeFiles/cmTC_b4b3d.dir/CheckFunctionExists.c.o   -c /usr/share/cmake-3.10/Modules/CheckFunctionExists.c
Linking C executable cmTC_b4b3d
/usr/bin/cmake -E cmake_link_script CMakeFiles/cmTC_b4b3d.dir/link.txt --verbose=1
/usr/bin/cc  -DCHECK_FUNCTION_EXISTS=pthread_create    -rdynamic CMakeFiles/cmTC_b4b3d.dir/CheckFunctionExists.c.o  -o cmTC_b4b3d -lpthreads 
/usr/bin/ld: cannot find -lpthreads
collect2: error: ld returned 1 exit status
CMakeFiles/cmTC_b4b3d.dir/build.make:97: recipe for target 'cmTC_b4b3d' failed
make[1]: *** [cmTC_b4b3d] Error 1
make[1]: Leaving directory '/home/smark/bfmc_2022/dei_ws/build/CMakeFiles/CMakeTmp'
Makefile:126: recipe for target 'cmTC_b4b3d/fast' failed
make: *** [cmTC_b4b3d/fast] Error 2


